<?xml version="1.0" encoding="UTF-8"?>
<testng-results skipped="0" failed="0" ignored="0" total="0" passed="0">
  <reporter-output>
  </reporter-output>
  <suite name="ComplexJsonTest" duration-ms="20" started-at="2021-06-01T14:50:31 IST" finished-at="2021-06-01T14:50:31 IST">
    <groups>
    </groups>
    <test name="Command line test" duration-ms="20" started-at="2021-06-01T14:50:31 IST" finished-at="2021-06-01T14:50:31 IST">
    </test> <!-- Command line test -->
  </suite> <!-- ComplexJsonTest -->
</testng-results>
